#
# There is insufficient memory for the Java Runtime Environment to continue.
# Native memory allocation (malloc) failed to allocate 32744 bytes for ChunkPool::allocate
# Possible reasons:
#   The system is out of physical RAM or swap space
#   The process is running with CompressedOops enabled, and the Java Heap may be blocking the growth of the native heap
# Possible solutions:
#   Reduce memory load on the system
#   Increase physical memory or swap space
#   Check if swap backing store is full
#   Decrease Java heap size (-Xmx/-Xms)
#   Decrease number of Java threads
#   Decrease Java thread stack sizes (-Xss)
#   Set larger code cache with -XX:ReservedCodeCacheSize=
#   JVM is running with Unscaled Compressed Oops mode in which the Java heap is
#     placed in the first 4GB address space. The Java Heap base address is the
#     maximum limit for the native heap growth. Please use -XX:HeapBaseMinAddress
#     to set the Java Heap base and to place the Java Heap above 4GB virtual address.
# This output file may be truncated or incomplete.
#
#  Out of Memory Error (allocation.cpp:273), pid=13852, tid=0x0000000000001854
#
# JRE version: Java(TM) SE Runtime Environment (8.0_201-b09) (build 1.8.0_201-b09)
# Java VM: Java HotSpot(TM) 64-Bit Server VM (25.201-b09 mixed mode windows-amd64 compressed oops)
# Failed to write core dump. Minidumps are not enabled by default on client versions of Windows
#

---------------  T H R E A D  ---------------

Current thread (0x0000000016c4b000):  JavaThread "C2 CompilerThread1" daemon [_thread_in_native, id=6228, stack(0x00000000184a0000,0x00000000185a0000)]

Stack: [0x00000000184a0000,0x00000000185a0000]
[error occurred during error reporting (printing stack bounds), id 0xc0000005]

Native frames: (J=compiled Java code, j=interpreted, Vv=VM code, C=native code)


Current CompileTask:
C2:  13700 1651       4       java.net.URLStreamHandler::parseURL (1193 bytes)


---------------  P R O C E S S  ---------------

Java Threads: ( => current thread )
  0x0000000019f06000 JavaThread "Okio Watchdog" daemon [_thread_blocked, id=12992, stack(0x000000001b750000,0x000000001b850000)]
  0x0000000019304000 JavaThread "OkHttp ConnectionPool" daemon [_thread_blocked, id=7108, stack(0x000000001b650000,0x000000001b750000)]
  0x000000001a21d800 JavaThread "Exec Stream Pumper" daemon [_thread_in_native, id=8884, stack(0x000000001b250000,0x000000001b350000)]
  0x000000001a21c800 JavaThread "Exec Stream Pumper" daemon [_thread_in_native, id=11124, stack(0x000000001b150000,0x000000001b250000)]
  0x000000001a1c5000 JavaThread "UrlChecker-2" daemon [_thread_blocked, id=6316, stack(0x000000001b050000,0x000000001b150000)]
  0x000000001a1c4000 JavaThread "Exec Default Executor" daemon [_thread_in_native, id=1996, stack(0x000000001af50000,0x000000001b050000)]
  0x0000000018ffb800 JavaThread "ReaderThread" [_thread_in_native, id=12664, stack(0x0000000019880000,0x0000000019980000)]
  0x0000000016c8e800 JavaThread "Service Thread" daemon [_thread_blocked, id=9180, stack(0x0000000018aa0000,0x0000000018ba0000)]
  0x0000000016c55800 JavaThread "C1 CompilerThread2" daemon [_thread_blocked, id=6000, stack(0x00000000185a0000,0x00000000186a0000)]
=>0x0000000016c4b000 JavaThread "C2 CompilerThread1" daemon [_thread_in_native, id=6228, stack(0x00000000184a0000,0x00000000185a0000)]
  0x0000000016c3c800 JavaThread "C2 CompilerThread0" daemon [_thread_in_native, id=10020, stack(0x00000000183a0000,0x00000000184a0000)]
  0x0000000016c3a800 JavaThread "Attach Listener" daemon [_thread_blocked, id=9604, stack(0x00000000182a0000,0x00000000183a0000)]
  0x0000000016c39000 JavaThread "Signal Dispatcher" daemon [_thread_blocked, id=12292, stack(0x00000000181a0000,0x00000000182a0000)]
  0x0000000016c1b000 JavaThread "Finalizer" daemon [_thread_blocked, id=8232, stack(0x0000000017e80000,0x0000000017f80000)]
  0x00000000020c6000 JavaThread "Reference Handler" daemon [_thread_blocked, id=10160, stack(0x0000000017d80000,0x0000000017e80000)]
  0x0000000001fd5800 JavaThread "Forwarding findElement on session e098e40379a180cfa5e774d4b61bb84a to remote" [_thread_in_native, id=13996, stack(0x0000000001ed0000,0x0000000001fd0000)]

Other Threads:
  0x0000000016bf7000 VMThread [stack: 0x0000000017c80000,0x0000000017d80000] [id=6156]
  0x000000001871a800 WatcherThread [stack: 0x0000000018ba0000,0x0000000018ca0000] [id=11340]

VM state:not at safepoint (normal execution)

VM Mutex/Monitor currently owned by a thread: None

heap address: 0x0000000081600000, size: 2026 MB, Compressed Oops mode: 32-bit
Narrow klass base: 0x0000000000000000, Narrow klass shift: 3
Compressed class space size: 1073741824 Address: 0x0000000100000000

Heap:
 PSYoungGen      total 38400K, used 16372K [0x00000000d5d00000, 0x00000000d8780000, 0x0000000100000000)
  eden space 33280K, 33% used [0x00000000d5d00000,0x00000000d68051c0,0x00000000d7d80000)
  from space 5120K, 99% used [0x00000000d8280000,0x00000000d8778020,0x00000000d8780000)
  to   space 5120K, 0% used [0x00000000d7d80000,0x00000000d7d80000,0x00000000d8280000)
 ParOldGen       total 87552K, used 5020K [0x0000000081600000, 0x0000000086b80000, 0x00000000d5d00000)
  object space 87552K, 5% used [0x0000000081600000,0x0000000081ae71b0,0x0000000086b80000)
 Metaspace       used 19525K, capacity 20306K, committed 20608K, reserved 1067008K
  class space    used 2438K, capacity 2637K, committed 2688K, reserved 1048576K

Card table byte_map: [0x0000000011490000,0x0000000011890000] byte_map_base: 0x0000000011085000

Marking Bits: (ParMarkBitMap*) 0x000000005b644ce0
 Begin Bits: [0x0000000011f40000, 0x0000000013ee8000)
 End Bits:   [0x0000000013ee8000, 0x0000000015e90000)

Polling page: 0x0000000000510000

CodeCache: size=245760Kb used=5798Kb max_used=5798Kb free=239961Kb
 bounds [0x00000000020d0000, 0x0000000002680000, 0x00000000110d0000]
 total_blobs=2127 nmethods=1686 adapters=353
 compilation: enabled

Compilation events (10 events):
Event: 13.406 Thread 0x0000000016c55800 1681       3       java.util.Collections$UnmodifiableRandomAccessList::<init> (6 bytes)
Event: 13.406 Thread 0x0000000016c55800 nmethod 1681 0x0000000002676190 code [0x0000000002676320, 0x00000000026766c8]
Event: 13.406 Thread 0x0000000016c55800 1679       3       java.lang.Class::privateGetDeclaredMethods (67 bytes)
Event: 13.407 Thread 0x0000000016c55800 nmethod 1679 0x0000000002676890 code [0x0000000002676a80, 0x00000000026773a8]
Event: 13.407 Thread 0x0000000016c55800 1677       1       java.util.AbstractMap$SimpleImmutableEntry::getKey (5 bytes)
Event: 13.407 Thread 0x0000000016c55800 nmethod 1677 0x0000000002677750 code [0x00000000026778a0, 0x00000000026779b0]
Event: 13.407 Thread 0x0000000016c55800 1678       1       java.util.AbstractMap$SimpleImmutableEntry::getValue (5 bytes)
Event: 13.407 Thread 0x0000000016c55800 nmethod 1678 0x0000000002677a10 code [0x0000000002677b60, 0x0000000002677c70]
Event: 13.407 Thread 0x0000000016c55800 1682       3       java.util.Collections::unmodifiableList (27 bytes)
Event: 13.407 Thread 0x0000000016c55800 nmethod 1682 0x0000000002677cd0 code [0x0000000002677ea0, 0x00000000026786d8]

GC Heap History (4 events):
Event: 1.718 GC heap before
{Heap before GC invocations=1 (full 0):
 PSYoungGen      total 38400K, used 33280K [0x00000000d5d00000, 0x00000000d8780000, 0x0000000100000000)
  eden space 33280K, 100% used [0x00000000d5d00000,0x00000000d7d80000,0x00000000d7d80000)
  from space 5120K, 0% used [0x00000000d8280000,0x00000000d8280000,0x00000000d8780000)
  to   space 5120K, 0% used [0x00000000d7d80000,0x00000000d7d80000,0x00000000d8280000)
 ParOldGen       total 87552K, used 0K [0x0000000081600000, 0x0000000086b80000, 0x00000000d5d00000)
  object space 87552K, 0% used [0x0000000081600000,0x0000000081600000,0x0000000086b80000)
 Metaspace       used 12702K, capacity 12916K, committed 13184K, reserved 1060864K
  class space    used 1459K, capacity 1550K, committed 1664K, reserved 1048576K
Event: 1.722 GC heap after
Heap after GC invocations=1 (full 0):
 PSYoungGen      total 38400K, used 5093K [0x00000000d5d00000, 0x00000000d8780000, 0x0000000100000000)
  eden space 33280K, 0% used [0x00000000d5d00000,0x00000000d5d00000,0x00000000d7d80000)
  from space 5120K, 99% used [0x00000000d7d80000,0x00000000d82797c8,0x00000000d8280000)
  to   space 5120K, 0% used [0x00000000d8280000,0x00000000d8280000,0x00000000d8780000)
 ParOldGen       total 87552K, used 1307K [0x0000000081600000, 0x0000000086b80000, 0x00000000d5d00000)
  object space 87552K, 1% used [0x0000000081600000,0x0000000081746dc8,0x0000000086b80000)
 Metaspace       used 12702K, capacity 12916K, committed 13184K, reserved 1060864K
  class space    used 1459K, capacity 1550K, committed 1664K, reserved 1048576K
}
Event: 5.754 GC heap before
{Heap before GC invocations=2 (full 0):
 PSYoungGen      total 38400K, used 38373K [0x00000000d5d00000, 0x00000000d8780000, 0x0000000100000000)
  eden space 33280K, 100% used [0x00000000d5d00000,0x00000000d7d80000,0x00000000d7d80000)
  from space 5120K, 99% used [0x00000000d7d80000,0x00000000d82797c8,0x00000000d8280000)
  to   space 5120K, 0% used [0x00000000d8280000,0x00000000d8280000,0x00000000d8780000)
 ParOldGen       total 87552K, used 1307K [0x0000000081600000, 0x0000000086b80000, 0x00000000d5d00000)
  object space 87552K, 1% used [0x0000000081600000,0x0000000081746dc8,0x0000000086b80000)
 Metaspace       used 17764K, capacity 18510K, committed 18560K, reserved 1064960K
  class space    used 2215K, capacity 2415K, committed 2432K, reserved 1048576K
Event: 5.760 GC heap after
Heap after GC invocations=2 (full 0):
 PSYoungGen      total 38400K, used 5088K [0x00000000d5d00000, 0x00000000d8780000, 0x0000000100000000)
  eden space 33280K, 0% used [0x00000000d5d00000,0x00000000d5d00000,0x00000000d7d80000)
  from space 5120K, 99% used [0x00000000d8280000,0x00000000d8778020,0x00000000d8780000)
  to   space 5120K, 0% used [0x00000000d7d80000,0x00000000d7d80000,0x00000000d8280000)
 ParOldGen       total 87552K, used 5020K [0x0000000081600000, 0x0000000086b80000, 0x00000000d5d00000)
  object space 87552K, 5% used [0x0000000081600000,0x0000000081ae71b0,0x0000000086b80000)
 Metaspace       used 17764K, capacity 18510K, committed 18560K, reserved 1064960K
  class space    used 2215K, capacity 2415K, committed 2432K, reserved 1048576K
}

Deoptimization events (10 events):
Event: 1.805 Thread 0x0000000001fd5800 Uncommon trap: reason=unstable_if action=reinterpret pc=0x000000000242a19c method=java.lang.CharacterDataLatin1.digit(II)I @ 82
Event: 1.913 Thread 0x0000000001fd5800 Uncommon trap: reason=unstable_if action=reinterpret pc=0x00000000022712d4 method=java.lang.String.replace(CC)Ljava/lang/String; @ 2
Event: 1.922 Thread 0x000000001a1c5000 Uncommon trap: reason=unstable_if action=reinterpret pc=0x0000000002431494 method=java.lang.CharacterDataLatin1.digit(II)I @ 82
Event: 5.697 Thread 0x0000000001fd5800 Uncommon trap: reason=class_check action=maybe_recompile pc=0x00000000024fb204 method=java.util.regex.Matcher.search(I)Z @ 86
Event: 5.697 Thread 0x0000000001fd5800 Uncommon trap: reason=class_check action=maybe_recompile pc=0x00000000024fb204 method=java.util.regex.Matcher.search(I)Z @ 86
Event: 5.697 Thread 0x0000000001fd5800 Uncommon trap: reason=class_check action=maybe_recompile pc=0x00000000024fb204 method=java.util.regex.Matcher.search(I)Z @ 86
Event: 5.697 Thread 0x0000000001fd5800 Uncommon trap: reason=class_check action=maybe_recompile pc=0x00000000024fb204 method=java.util.regex.Matcher.search(I)Z @ 86
Event: 5.741 Thread 0x0000000001fd5800 Uncommon trap: reason=unstable_if action=reinterpret pc=0x00000000024a12e8 method=java.util.regex.Pattern$BmpCharProperty.match(Ljava/util/regex/Matcher;ILjava/lang/CharSequence;)Z @ 34
Event: 12.124 Thread 0x0000000001fd5800 Uncommon trap: reason=unstable_if action=reinterpret pc=0x0000000002531308 method=java.util.concurrent.ConcurrentHashMap.putVal(Ljava/lang/Object;Ljava/lang/Object;Z)Ljava/lang/Object; @ 181
Event: 13.343 Thread 0x0000000001fd5800 Uncommon trap: reason=unstable_if action=reinterpret pc=0x00000000022d0bf8 method=java.lang.AbstractStringBuilder.append(Ljava/lang/String;)Ljava/lang/AbstractStringBuilder; @ 1

Classes redefined (0 events):
No events

Internal exceptions (10 events):
Event: 4.579 Thread 0x000000001a1c5000 Exception <a 'java/net/SocketTimeoutException': connect timed out> (0x00000000d6f73088) thrown at [C:\re\workspace\8-2-build-windows-amd64-cygwin\jdk8u201\12322\hotspot\src\share\vm\prims\jni.cpp, line 735]
Event: 5.239 Thread 0x000000001a1c5000 Exception <a 'java/net/SocketTimeoutException': connect timed out> (0x00000000d6f74560) thrown at [C:\re\workspace\8-2-build-windows-amd64-cygwin\jdk8u201\12322\hotspot\src\share\vm\prims\jni.cpp, line 735]
Event: 5.606 Thread 0x0000000001fd5800 Exception <a 'java/lang/IncompatibleClassChangeError': Found class java.lang.Object, but interface was expected> (0x00000000d70c5388) thrown at [C:\re\workspace\8-2-build-windows-amd64-cygwin\jdk8u201\12322\hotspot\src\share\vm\interpreter\linkResolver.cp
Event: 5.610 Thread 0x0000000001fd5800 Exception <a 'java/lang/NoSuchMethodError': java.lang.Object.lambda$or$2(Ljava/util/function/Predicate;Ljava/lang/Object;)Z> (0x00000000d70d37f8) thrown at [C:\re\workspace\8-2-build-windows-amd64-cygwin\jdk8u201\12322\hotspot\src\share\vm\interpreter\lin
Event: 5.660 Thread 0x0000000001fd5800 Exception <a 'java/lang/NoSuchMethodError': java.lang.Object.lambda$chars$0()Ljava/util/Spliterator$OfInt;> (0x00000000d74669b0) thrown at [C:\re\workspace\8-2-build-windows-amd64-cygwin\jdk8u201\12322\hotspot\src\share\vm\interpreter\linkResolver.cpp, li
Event: 12.113 Thread 0x0000000001fd5800 Exception <a 'java/lang/NoSuchMethodError': java.lang.Object.lambda$getResponseFunction$0(Lorg/openqa/selenium/remote/InitialHandshakeResponse;)Lorg/openqa/selenium/remote/ProtocolHandshake$Result;> (0x00000000d5fd1308) thrown at [C:\re\workspace\8-2-buil
Event: 12.144 Thread 0x0000000001fd5800 Exception <a 'java/net/SocketTimeoutException': Read timed out> (0x00000000d618b1d0) thrown at [C:\re\workspace\8-2-build-windows-amd64-cygwin\jdk8u201\12322\hotspot\src\share\vm\prims\jni.cpp, line 735]
Event: 13.218 Thread 0x0000000001fd5800 Exception <a 'java/lang/NoSuchMethodError': java.lang.Object.lambda$static$0(Ljava/time/Duration;)V> (0x00000000d62180a0) thrown at [C:\re\workspace\8-2-build-windows-amd64-cygwin\jdk8u201\12322\hotspot\src\share\vm\interpreter\linkResolver.cpp, line 620]
Event: 13.343 Thread 0x0000000001fd5800 Implicit null exception at 0x00000000022d0856 to 0x00000000022d0be1
Event: 13.406 Thread 0x0000000001fd5800 Exception <a 'java/net/SocketTimeoutException': Read timed out> (0x00000000d67b0270) thrown at [C:\re\workspace\8-2-build-windows-amd64-cygwin\jdk8u201\12322\hotspot\src\share\vm\prims\jni.cpp, line 735]

Events (10 events):
Event: 13.403 loading class org/openqa/selenium/OutputType
Event: 13.403 loading class org/openqa/selenium/OutputType done
Event: 13.403 loading class org/openqa/selenium/interactions/Coordinates
Event: 13.403 loading class org/openqa/selenium/interactions/Coordinates done
Event: 13.404 loading class org/openqa/selenium/OutputType$1
Event: 13.404 loading class org/openqa/selenium/OutputType$1 done
Event: 13.404 loading class org/openqa/selenium/OutputType$2
Event: 13.404 loading class org/openqa/selenium/OutputType$2 done
Event: 13.405 loading class org/openqa/selenium/OutputType$3
Event: 13.405 loading class org/openqa/selenium/OutputType$3 done


Dynamic libraries:
0x00007ff772680000 - 0x00007ff7726b7000 	C:\Program Files\Java\jdk1.8.0_201\bin\javaw.exe
0x00007ff8bf620000 - 0x00007ff8bf7c9000 	C:\Windows\SYSTEM32\ntdll.dll
0x00007ff8bd6e0000 - 0x00007ff8bd819000 	C:\Windows\system32\KERNEL32.DLL
0x00007ff8bca70000 - 0x00007ff8bcb7e000 	C:\Windows\system32\KERNELBASE.dll
0x00007ff8bb560000 - 0x00007ff8bb5eb000 	C:\Windows\system32\apphelp.dll
0x00007ff8a65e0000 - 0x00007ff8a662f000 	C:\Windows\AppPatch\AppPatch64\AcGenral.DLL
0x00007ff8bf560000 - 0x00007ff8bf607000 	C:\Windows\system32\msvcrt.dll
0x00007ff8bc770000 - 0x00007ff8bc79b000 	C:\Windows\SYSTEM32\SspiCli.dll
0x00007ff8bdea0000 - 0x00007ff8bdef1000 	C:\Windows\system32\SHLWAPI.dll
0x00007ff8bf3e0000 - 0x00007ff8bf551000 	C:\Windows\system32\USER32.dll
0x00007ff8bd370000 - 0x00007ff8bd4e6000 	C:\Windows\system32\ole32.dll
0x00007ff8bdf00000 - 0x00007ff8bf310000 	C:\Windows\system32\SHELL32.dll
0x00007ff8bbfb0000 - 0x00007ff8bbfcf000 	C:\Windows\SYSTEM32\USERENV.dll
0x00007ff8bd4f0000 - 0x00007ff8bd595000 	C:\Windows\system32\ADVAPI32.dll
0x00007ff8b42f0000 - 0x00007ff8b430b000 	C:\Windows\SYSTEM32\MPR.dll
0x00007ff8bdc50000 - 0x00007ff8bdd86000 	C:\Windows\system32\RPCRT4.dll
0x00007ff8bceb0000 - 0x00007ff8bcf07000 	C:\Windows\SYSTEM32\sechost.dll
0x00007ff8bd8e0000 - 0x00007ff8bdab7000 	C:\Windows\SYSTEM32\combase.dll
0x00007ff8bdb00000 - 0x00007ff8bdc45000 	C:\Windows\system32\GDI32.dll
0x00007ff8bc9a0000 - 0x00007ff8bc9b4000 	C:\Windows\SYSTEM32\profapi.dll
0x00007ff8baf80000 - 0x00007ff8bb021000 	C:\Windows\SYSTEM32\SHCORE.dll
0x00007ff8bdac0000 - 0x00007ff8bdaf4000 	C:\Windows\system32\IMM32.DLL
0x00007ff8bd5a0000 - 0x00007ff8bd6d8000 	C:\Windows\system32\MSCTF.dll
0x00007ff8ba6f0000 - 0x00007ff8ba94a000 	C:\Windows\WinSxS\amd64_microsoft.windows.common-controls_6595b64144ccf1df_6.0.9600.16384_none_62475f7becb72503\COMCTL32.dll
0x000000005c2b0000 - 0x000000005c381000 	C:\Program Files\Java\jdk1.8.0_201\jre\bin\msvcr100.dll
0x000000005ae20000 - 0x000000005b6c4000 	C:\Program Files\Java\jdk1.8.0_201\jre\bin\server\jvm.dll
0x00007ff8b22b0000 - 0x00007ff8b22b9000 	C:\Windows\SYSTEM32\WSOCK32.dll
0x00007ff8b2350000 - 0x00007ff8b236f000 	C:\Windows\SYSTEM32\WINMM.dll
0x00007ff8b8c60000 - 0x00007ff8b8c6a000 	C:\Windows\SYSTEM32\VERSION.dll
0x00007ff8bde90000 - 0x00007ff8bde97000 	C:\Windows\system32\PSAPI.DLL
0x00007ff8bd2b0000 - 0x00007ff8bd308000 	C:\Windows\system32\WS2_32.dll
0x00007ff8b2320000 - 0x00007ff8b234a000 	C:\Windows\SYSTEM32\WINMMBASE.dll
0x00007ff8bd820000 - 0x00007ff8bd829000 	C:\Windows\system32\NSI.dll
0x00007ff8bcdb0000 - 0x00007ff8bcdfa000 	C:\Windows\SYSTEM32\cfgmgr32.dll
0x00007ff8bb7c0000 - 0x00007ff8bb7e6000 	C:\Windows\SYSTEM32\DEVOBJ.dll
0x00007ff8bac40000 - 0x00007ff8bac4f000 	C:\Program Files\Java\jdk1.8.0_201\jre\bin\verify.dll
0x00007ff8ba460000 - 0x00007ff8ba489000 	C:\Program Files\Java\jdk1.8.0_201\jre\bin\java.dll
0x00007ff8bac20000 - 0x00007ff8bac36000 	C:\Program Files\Java\jdk1.8.0_201\jre\bin\zip.dll
0x00007ff8a8960000 - 0x00007ff8a897a000 	C:\Program Files\Java\jdk1.8.0_201\jre\bin\net.dll
0x00007ff8b8a80000 - 0x00007ff8b8bdf000 	C:\Windows\SYSTEM32\urlmon.dll
0x00007ff8b7a00000 - 0x00007ff8b7ca8000 	C:\Windows\SYSTEM32\iertutil.dll
0x00007ff8b8800000 - 0x00007ff8b8a40000 	C:\Windows\SYSTEM32\WININET.dll
0x00007ff8bc200000 - 0x00007ff8bc258000 	C:\Windows\system32\mswsock.dll
0x00007ff8bc010000 - 0x00007ff8bc0b3000 	C:\Windows\SYSTEM32\DNSAPI.dll
0x00007ff8b0400000 - 0x00007ff8b0409000 	C:\Windows\System32\rasadhlp.dll
0x00007ff8b55b0000 - 0x00007ff8b5617000 	C:\Windows\System32\fwpuclnt.dll
0x00007ff8bc260000 - 0x00007ff8bc27e000 	C:\Windows\SYSTEM32\CRYPTSP.dll
0x00007ff8bbea0000 - 0x00007ff8bbed5000 	C:\Windows\system32\rsaenh.dll
0x00007ff8bc490000 - 0x00007ff8bc4b6000 	C:\Windows\SYSTEM32\bcrypt.dll
0x00007ff8bc7b0000 - 0x00007ff8bc80e000 	C:\Windows\system32\bcryptprimitives.dll
0x00007ff8bc810000 - 0x00007ff8bc81a000 	C:\Windows\SYSTEM32\CRYPTBASE.dll
0x00007ff8b8be0000 - 0x00007ff8b8c09000 	C:\Windows\SYSTEM32\IPHLPAPI.DLL
0x00007ff8b8720000 - 0x00007ff8b872a000 	C:\Windows\SYSTEM32\WINNSI.DLL
0x00007ff8b5620000 - 0x00007ff8b5634000 	C:\Windows\SYSTEM32\dhcpcsvc6.DLL
0x00007ff8b79c0000 - 0x00007ff8b79d9000 	C:\Windows\SYSTEM32\dhcpcsvc.DLL
0x00007ff8a8940000 - 0x00007ff8a8951000 	C:\Program Files\Java\jdk1.8.0_201\jre\bin\nio.dll
0x00007ff8a6560000 - 0x00007ff8a6584000 	C:\Program Files\Java\jdk1.8.0_201\jre\bin\sunec.dll
0x00007ff8b9c40000 - 0x00007ff8b9c4b000 	C:\Program Files\Java\jdk1.8.0_201\jre\bin\sunmscapi.dll
0x00007ff8bcbd0000 - 0x00007ff8bcda7000 	C:\Windows\system32\CRYPT32.dll
0x00007ff8bca50000 - 0x00007ff8bca62000 	C:\Windows\system32\MSASN1.dll

VM Arguments:
jvm_args: -ea -Dfile.encoding=Cp1252 
java_command: org.testng.remote.RemoteTestNG -serport 54840 -protocol json -d D:\WorkBench Eclipse\Eclipse new 1\iNSTAONE_F\test-output C:\Users\testpc\AppData\Local\Temp\testng-eclipse-1055880168\testng-customsuite.xml
java_class_path (initial): D:\AllFilesForAutomation\eclipse-jee-oxygen-3a-win32-x86_64\eclipse\configuration\org.eclipse.osgi\1011\0\.cp\lib\testng-remote.jar;C:\Program Files\Java\jdk1.8.0_201\jre\lib\resources.jar;C:\Program Files\Java\jdk1.8.0_201\jre\lib\rt.jar;C:\Program Files\Java\jdk1.8.0_201\jre\lib\jsse.jar;C:\Program Files\Java\jdk1.8.0_201\jre\lib\jce.jar;C:\Program Files\Java\jdk1.8.0_201\jre\lib\charsets.jar;C:\Program Files\Java\jdk1.8.0_201\jre\lib\jfr.jar;C:\Program Files\Java\jdk1.8.0_201\jre\lib\ext\access-bridge-64.jar;C:\Program Files\Java\jdk1.8.0_201\jre\lib\ext\cldrdata.jar;C:\Program Files\Java\jdk1.8.0_201\jre\lib\ext\dnsns.jar;C:\Program Files\Java\jdk1.8.0_201\jre\lib\ext\jaccess.jar;C:\Program Files\Java\jdk1.8.0_201\jre\lib\ext\jfxrt.jar;C:\Program Files\Java\jdk1.8.0_201\jre\lib\ext\localedata.jar;C:\Program Files\Java\jdk1.8.0_201\jre\lib\ext\nashorn.jar;C:\Program Files\Java\jdk1.8.0_201\jre\lib\ext\sunec.jar;C:\Program Files\Java\jdk1.8.0_201\jre\lib\ext\sunjce_provider.jar;C:\Program Files\Java\jdk1.8.0_201\jre\lib\ext\sunmscapi.jar;C:\Program Files\Java\jdk1.8.0_201\jre\lib\ext\sunpkcs11.jar;C:\Program Files\Java\jdk1.8.0_201\jre\lib\ext\zipfs.jar;D:\WorkBench Eclipse\Eclipse new 1\iNSTAONE_F\target\test-classes;D:\WorkBench Eclipse\Eclipse new 1\iNSTAONE_F\target\classes;C:\Users\testpc\.m2\repository\org\testng\testng\6.14.3\testng-6.14.3.jar;C:\Users\testpc\.m2\repository\com\beust\jcommander\1.72\jcommander-1.72.jar;C:\Users\testpc\.m2\repository\org\apache-extras\beanshell\bsh\2.0b6\bsh-2.0b6.jar;C:\Users\testpc\.m2\repository\com\aventstack\extentreports\4.0.9\extentreports-4.0.9.jar;C:\Users\testpc\.m2\repository\org\freemarker\freemarker\2.3.23\freemarker-2.3.23.jar;C:\Users\testpc\.m2\repository\org\mongodb\mongodb-driver\3.3.0\mongodb-driver-3.3.0.jar;C:\Users\testpc\.m2\repository\org\mongodb\mongodb-driver-core\3.3.0\mongodb-driver-core-3.3.0.jar;C:\Users\testpc\.m2\repository\org\mongodb\bson\3.3.0\bson-3.3.0.jar;C:\
Launcher Type: SUN_STANDARD

Environment Variables:
JAVA_HOME=C:\Program Files\Java\jdk1.8.0_201
PATH=C:/Program Files/Java/jre1.8.0_231/bin/server;C:/Program Files/Java/jre1.8.0_231/bin;C:/Program Files/Java/jre1.8.0_231/lib/amd64;C:\Program Files (x86)\Common Files\Oracle\Java\javapath;C:\Windows\system32;C:\Windows;C:\Windows\System32\Wbem;C:\Windows\System32\WindowsPowerShell\v1.0\;C:\Program Files (x86)\Microsoft SQL Server\100\Tools\Binn\;C:\Program Files (x86)\Microsoft SQL Server\100\DTS\Binn\;C:\Program Files (x86)\Microsoft SQL Server\100\Tools\Binn\VSShell\Common7\IDE\;D:\JMeter\bin;C:\Program Files\Java\jdk1.8.0_201\bin;C:\Program Files\Git\cmd;C:\apache-maven-3.6.3-bin\apache-maven-3.6.3\bin;C:\Program Files\Java\jdk1.8.0_201\bin;C:\Program Files\Java\jre1.8.0_231\bin;C:\Users\testpc\AppData\Local\Android\Sdk\emulator;C:\Users\testpc\AppData\Local\Android\Sdk\platform-tools;C:\Users\testpc\AppData\Local\Android\Sdk\tools\bin;C:\Users\testpc\AppData\Local\Android\Sdk\tools\bin;C:\Program Files\nodejs;C:\Program Files\nodejs\node_modules\npm\bin;C:\Program Files\nodejs\;C:\Users\testpc\AppData\Local\Android\Sdk\build-tools\29.0.3\zipalign.exe;C:\Program Files\nodejs\node_modules\npm\bin;C:\Users\testpc\AppData\Roaming\npm;D:\AllFilesForAutomation\eclipse-jee-oxygen-3a-win32-x86_64\eclipse;
USERNAME=Suraj
OS=Windows_NT
PROCESSOR_IDENTIFIER=Intel64 Family 6 Model 60 Stepping 3, GenuineIntel



---------------  S Y S T E M  ---------------

OS: Windows 8.1 , 64 bit Build 9600 (6.3.9600.16656)

CPU:total 4 (initial active 4) (4 cores per cpu, 1 threads per core) family 6 model 60 stepping 3, cmov, cx8, fxsr, mmx, sse, sse2, sse3, ssse3, sse4.1, sse4.2, popcnt, avx, avx2, aes, clmul, erms, rtm, lzcnt, tsc, tscinvbit, bmi1, bmi2

Memory: 4k page, physical 8298004k(894832k free), swap 33463828k(17196k free)

vm_info: Java HotSpot(TM) 64-Bit Server VM (25.201-b09) for windows-amd64 JRE (1.8.0_201-b09), built on Dec 15 2018 18:36:39 by "java_re" with MS VC++ 10.0 (VS2010)

time: Wed May 06 19:07:56 2020
timezone: India Standard Time
elapsed time: 14 seconds (0d 0h 0m 14s)

